<?xml version="1.0" encoding="UTF-8"?>
<testng-results skipped="0" failed="0" ignored="0" total="1" passed="1">
  <reporter-output>
  </reporter-output>
  <suite name="Default suite" duration-ms="41914" started-at="2021-01-18T21:41:32 AEDT" finished-at="2021-01-18T21:42:14 AEDT">
    <groups>
    </groups>
    <test name="Default test" duration-ms="41914" started-at="2021-01-18T21:41:32 AEDT" finished-at="2021-01-18T21:42:14 AEDT">
      <class name="com.challenge.tests.ProfectusChallengeTests">
        <test-method status="PASS" signature="beforeClass()[pri:0, instance:com.challenge.tests.ProfectusChallengeTests@5d76b067]" name="beforeClass" is-config="true" duration-ms="1203" started-at="2021-01-18T21:41:32 AEDT" finished-at="2021-01-18T21:41:33 AEDT">
          <reporter-output>
          </reporter-output>
        </test-method> <!-- beforeClass -->
        <test-method status="PASS" signature="beforeMethod()[pri:0, instance:com.challenge.tests.ProfectusChallengeTests@5d76b067]" name="beforeMethod" is-config="true" duration-ms="15245" started-at="2021-01-18T21:41:33 AEDT" finished-at="2021-01-18T21:41:49 AEDT">
          <reporter-output>
          </reporter-output>
        </test-method> <!-- beforeMethod -->
        <test-method status="PASS" signature="verifyMessageIsSentToPerson()[pri:0, instance:com.challenge.tests.ProfectusChallengeTests@5d76b067]" name="verifyMessageIsSentToPerson" duration-ms="25379" started-at="2021-01-18T21:41:49 AEDT" finished-at="2021-01-18T21:42:14 AEDT">
          <reporter-output>
          </reporter-output>
        </test-method> <!-- verifyMessageIsSentToPerson -->
        <test-method status="PASS" signature="afterMethod()[pri:0, instance:com.challenge.tests.ProfectusChallengeTests@5d76b067]" name="afterMethod" is-config="true" duration-ms="1" started-at="2021-01-18T21:42:14 AEDT" finished-at="2021-01-18T21:42:14 AEDT">
          <reporter-output>
          </reporter-output>
        </test-method> <!-- afterMethod -->
      </class> <!-- com.challenge.tests.ProfectusChallengeTests -->
    </test> <!-- Default test -->
  </suite> <!-- Default suite -->
</testng-results>
